# JRE version: OpenJDK Runtime Environment Temurin-17.0.11+9 (17.0.11+9) (build 17.0.11+9)
# Java VM: OpenJDK 64-Bit Server VM Temurin-17.0.11+9 (17.0.11+9, mixed mode, tiered, compressed oops, compressed class ptrs, parallel gc, windows-amd64)
GC Precious Log:
 CPUs: 6 total, 6 available
 Memory: 16328M
 Large Page Support: Disabled
 NUMA Support: Disabled
 Compressed Oops: Enabled (32-bit)
 Alignments: Space 512K, Generation 512K, Heap 2M
 Heap Min Capacity: 100M
 Heap Initial Capacity: 100M
 Heap Max Capacity: 1G
 Pre-touch: Disabled
 Parallel Workers: 6
Heap:
 PSYoungGen      total 35328K, used 4576K [0x00000000eab00000, 0x00000000ed600000, 0x0000000100000000)
  eden space 30720K, 0% used [0x00000000eab00000,0x00000000eab00000,0x00000000ec900000)
  from space 4608K, 99% used [0x00000000ed180000,0x00000000ed5f8000,0x00000000ed600000)
  to   space 6144K, 0% used [0x00000000eca00000,0x00000000eca00000,0x00000000ed000000)
 ParOldGen       total 304640K, used 301768K [0x00000000c0000000, 0x00000000d2980000, 0x00000000eab00000)
  object space 304640K, 99% used [0x00000000c0000000,0x00000000d26b2290,0x00000000d2980000)
 Metaspace       used 74122K, committed 75328K, reserved 1179648K
  class space    used 8957K, committed 9472K, reserved 1048576K
GC Heap History (20 events):
Event: 12.281 GC heap after
{Heap after GC invocations=260 (full 13):
 PSYoungGen      total 22016K, used 5104K [0x00000000eab00000, 0x00000000ece80000, 0x0000000100000000)
  eden space 16896K, 0% used [0x00000000eab00000,0x00000000eab00000,0x00000000ebb80000)
  from space 5120K, 99% used [0x00000000ebb80000,0x00000000ec07c010,0x00000000ec080000)
  to   space 8704K, 0% used [0x00000000ec600000,0x00000000ec600000,0x00000000ece80000)
 ParOldGen       total 304640K, used 270887K [0x00000000c0000000, 0x00000000d2980000, 0x00000000eab00000)
  object space 304640K, 88% used [0x00000000c0000000,0x00000000d0889e70,0x00000000d2980000)
 Metaspace       used 74024K, committed 75264K, reserved 1179648K
  class space    used 8949K, committed 9472K, reserved 1048576K
}
Event: 12.320 GC heap before
{Heap before GC invocations=261 (full 13):
 PSYoungGen      total 22016K, used 22000K [0x00000000eab00000, 0x00000000ece80000, 0x0000000100000000)
  eden space 16896K, 100% used [0x00000000eab00000,0x00000000ebb80000,0x00000000ebb80000)
  from space 5120K, 99% used [0x00000000ebb80000,0x00000000ec07c010,0x00000000ec080000)
  to   space 8704K, 0% used [0x00000000ec600000,0x00000000ec600000,0x00000000ece80000)
 ParOldGen       total 304640K, used 270887K [0x00000000c0000000, 0x00000000d2980000, 0x00000000eab00000)
  object space 304640K, 88% used [0x00000000c0000000,0x00000000d0889e70,0x00000000d2980000)
 Metaspace       used 74024K, committed 75264K, reserved 1179648K
  class space    used 8949K, committed 9472K, reserved 1048576K
}
Event: 12.324 GC heap after
{Heap after GC invocations=261 (full 13):
 PSYoungGen      total 22016K, used 2880K [0x00000000eab00000, 0x00000000ec900000, 0x0000000100000000)
  eden space 18944K, 0% used [0x00000000eab00000,0x00000000eab00000,0x00000000ebd80000)
  from space 3072K, 93% used [0x00000000ec600000,0x00000000ec8d0000,0x00000000ec900000)
  to   space 5120K, 0% used [0x00000000ebf00000,0x00000000ebf00000,0x00000000ec400000)
 ParOldGen       total 304640K, used 275735K [0x00000000c0000000, 0x00000000d2980000, 0x00000000eab00000)
  object space 304640K, 90% used [0x00000000c0000000,0x00000000d0d45e80,0x00000000d2980000)
 Metaspace       used 74024K, committed 75264K, reserved 1179648K
  class space    used 8949K, committed 9472K, reserved 1048576K
}
Event: 12.370 GC heap before
{Heap before GC invocations=262 (full 13):
 PSYoungGen      total 22016K, used 21824K [0x00000000eab00000, 0x00000000ec900000, 0x0000000100000000)
  eden space 18944K, 100% used [0x00000000eab00000,0x00000000ebd80000,0x00000000ebd80000)
  from space 3072K, 93% used [0x00000000ec600000,0x00000000ec8d0000,0x00000000ec900000)
  to   space 5120K, 0% used [0x00000000ebf00000,0x00000000ebf00000,0x00000000ec400000)
 ParOldGen       total 304640K, used 275735K [0x00000000c0000000, 0x00000000d2980000, 0x00000000eab00000)
  object space 304640K, 90% used [0x00000000c0000000,0x00000000d0d45e80,0x00000000d2980000)
 Metaspace       used 74024K, committed 75264K, reserved 1179648K
  class space    used 8949K, committed 9472K, reserved 1048576K
}
Event: 12.374 GC heap after
{Heap after GC invocations=262 (full 13):
 PSYoungGen      total 25600K, used 5120K [0x00000000eab00000, 0x00000000ecb80000, 0x0000000100000000)
  eden space 20480K, 0% used [0x00000000eab00000,0x00000000eab00000,0x00000000ebf00000)
  from space 5120K, 100% used [0x00000000ebf00000,0x00000000ec400000,0x00000000ec400000)
  to   space 6144K, 0% used [0x00000000ec580000,0x00000000ec580000,0x00000000ecb80000)
 ParOldGen       total 304640K, used 276231K [0x00000000c0000000, 0x00000000d2980000, 0x00000000eab00000)
  object space 304640K, 90% used [0x00000000c0000000,0x00000000d0dc1e80,0x00000000d2980000)
 Metaspace       used 74024K, committed 75264K, reserved 1179648K
  class space    used 8949K, committed 9472K, reserved 1048576K
}
Event: 12.438 GC heap before
{Heap before GC invocations=263 (full 13):
 PSYoungGen      total 25600K, used 25600K [0x00000000eab00000, 0x00000000ecb80000, 0x0000000100000000)
  eden space 20480K, 100% used [0x00000000eab00000,0x00000000ebf00000,0x00000000ebf00000)
  from space 5120K, 100% used [0x00000000ebf00000,0x00000000ec400000,0x00000000ec400000)
  to   space 6144K, 0% used [0x00000000ec580000,0x00000000ec580000,0x00000000ecb80000)
 ParOldGen       total 304640K, used 276231K [0x00000000c0000000, 0x00000000d2980000, 0x00000000eab00000)
  object space 304640K, 90% used [0x00000000c0000000,0x00000000d0dc1e80,0x00000000d2980000)
 Metaspace       used 74071K, committed 75328K, reserved 1179648K
  class space    used 8950K, committed 9472K, reserved 1048576K
}
Event: 12.442 GC heap after
{Heap after GC invocations=263 (full 13):
 PSYoungGen      total 26112K, used 3168K [0x00000000eab00000, 0x00000000ec900000, 0x0000000100000000)
  eden space 22528K, 0% used [0x00000000eab00000,0x00000000eab00000,0x00000000ec100000)
  from space 3584K, 88% used [0x00000000ec580000,0x00000000ec898000,0x00000000ec900000)
  to   space 4096K, 0% used [0x00000000ec100000,0x00000000ec100000,0x00000000ec500000)
 ParOldGen       total 304640K, used 281055K [0x00000000c0000000, 0x00000000d2980000, 0x00000000eab00000)
  object space 304640K, 92% used [0x00000000c0000000,0x00000000d1277e80,0x00000000d2980000)
 Metaspace       used 74071K, committed 75328K, reserved 1179648K
  class space    used 8950K, committed 9472K, reserved 1048576K
}
Event: 12.502 GC heap before
{Heap before GC invocations=264 (full 13):
 PSYoungGen      total 26112K, used 25696K [0x00000000eab00000, 0x00000000ec900000, 0x0000000100000000)
  eden space 22528K, 100% used [0x00000000eab00000,0x00000000ec100000,0x00000000ec100000)
  from space 3584K, 88% used [0x00000000ec580000,0x00000000ec898000,0x00000000ec900000)
  to   space 4096K, 0% used [0x00000000ec100000,0x00000000ec100000,0x00000000ec500000)
 ParOldGen       total 304640K, used 281055K [0x00000000c0000000, 0x00000000d2980000, 0x00000000eab00000)
  object space 304640K, 92% used [0x00000000c0000000,0x00000000d1277e80,0x00000000d2980000)
 Metaspace       used 74120K, committed 75328K, reserved 1179648K
  class space    used 8957K, committed 9472K, reserved 1048576K
}
Event: 12.506 GC heap after
{Heap after GC invocations=264 (full 13):
 PSYoungGen      total 26624K, used 4096K [0x00000000eab00000, 0x00000000ed100000, 0x0000000100000000)
  eden space 22528K, 0% used [0x00000000eab00000,0x00000000eab00000,0x00000000ec100000)
  from space 4096K, 100% used [0x00000000ec100000,0x00000000ec500000,0x00000000ec500000)
  to   space 7168K, 0% used [0x00000000eca00000,0x00000000eca00000,0x00000000ed100000)
 ParOldGen       total 304640K, used 283487K [0x00000000c0000000, 0x00000000d2980000, 0x00000000eab00000)
  object space 304640K, 93% used [0x00000000c0000000,0x00000000d14d7e80,0x00000000d2980000)
 Metaspace       used 74120K, committed 75328K, reserved 1179648K
  class space    used 8957K, committed 9472K, reserved 1048576K
}
Event: 12.558 GC heap before
{Heap before GC invocations=265 (full 13):
 PSYoungGen      total 26624K, used 26624K [0x00000000eab00000, 0x00000000ed100000, 0x0000000100000000)
  eden space 22528K, 100% used [0x00000000eab00000,0x00000000ec100000,0x00000000ec100000)
  from space 4096K, 100% used [0x00000000ec100000,0x00000000ec500000,0x00000000ec500000)
  to   space 7168K, 0% used [0x00000000eca00000,0x00000000eca00000,0x00000000ed100000)
 ParOldGen       total 304640K, used 283487K [0x00000000c0000000, 0x00000000d2980000, 0x00000000eab00000)
  object space 304640K, 93% used [0x00000000c0000000,0x00000000d14d7e80,0x00000000d2980000)
 Metaspace       used 74122K, committed 75328K, reserved 1179648K
  class space    used 8957K, committed 9472K, reserved 1048576K
}
Event: 12.563 GC heap after
{Heap after GC invocations=265 (full 13):
 PSYoungGen      total 28672K, used 3776K [0x00000000eab00000, 0x00000000ece00000, 0x0000000100000000)
  eden space 24576K, 0% used [0x00000000eab00000,0x00000000eab00000,0x00000000ec300000)
  from space 4096K, 92% used [0x00000000eca00000,0x00000000ecdb0000,0x00000000ece00000)
  to   space 5120K, 0% used [0x00000000ec400000,0x00000000ec400000,0x00000000ec900000)
 ParOldGen       total 304640K, used 287255K [0x00000000c0000000, 0x00000000d2980000, 0x00000000eab00000)
  object space 304640K, 94% used [0x00000000c0000000,0x00000000d1885e80,0x00000000d2980000)
 Metaspace       used 74122K, committed 75328K, reserved 1179648K
  class space    used 8957K, committed 9472K, reserved 1048576K
}
Event: 12.610 GC heap before
{Heap before GC invocations=266 (full 13):
 PSYoungGen      total 28672K, used 28352K [0x00000000eab00000, 0x00000000ece00000, 0x0000000100000000)
  eden space 24576K, 100% used [0x00000000eab00000,0x00000000ec300000,0x00000000ec300000)
  from space 4096K, 92% used [0x00000000eca00000,0x00000000ecdb0000,0x00000000ece00000)
  to   space 5120K, 0% used [0x00000000ec400000,0x00000000ec400000,0x00000000ec900000)
 ParOldGen       total 304640K, used 287255K [0x00000000c0000000, 0x00000000d2980000, 0x00000000eab00000)
  object space 304640K, 94% used [0x00000000c0000000,0x00000000d1885e80,0x00000000d2980000)
 Metaspace       used 74122K, committed 75328K, reserved 1179648K
  class space    used 8957K, committed 9472K, reserved 1048576K
}
Event: 12.614 GC heap after
{Heap after GC invocations=266 (full 13):
 PSYoungGen      total 30720K, used 5120K [0x00000000eab00000, 0x00000000ed500000, 0x0000000100000000)
  eden space 25600K, 0% used [0x00000000eab00000,0x00000000eab00000,0x00000000ec400000)
  from space 5120K, 100% used [0x00000000ec400000,0x00000000ec900000,0x00000000ec900000)
  to   space 8192K, 0% used [0x00000000ecd00000,0x00000000ecd00000,0x00000000ed500000)
 ParOldGen       total 304640K, used 289348K [0x00000000c0000000, 0x00000000d2980000, 0x00000000eab00000)
  object space 304640K, 94% used [0x00000000c0000000,0x00000000d1a91088,0x00000000d2980000)
 Metaspace       used 74122K, committed 75328K, reserved 1179648K
  class space    used 8957K, committed 9472K, reserved 1048576K
}
Event: 12.672 GC heap before
{Heap before GC invocations=267 (full 13):
 PSYoungGen      total 30720K, used 30720K [0x00000000eab00000, 0x00000000ed500000, 0x0000000100000000)
  eden space 25600K, 100% used [0x00000000eab00000,0x00000000ec400000,0x00000000ec400000)
  from space 5120K, 100% used [0x00000000ec400000,0x00000000ec900000,0x00000000ec900000)
  to   space 8192K, 0% used [0x00000000ecd00000,0x00000000ecd00000,0x00000000ed500000)
 ParOldGen       total 304640K, used 289348K [0x00000000c0000000, 0x00000000d2980000, 0x00000000eab00000)
  object space 304640K, 94% used [0x00000000c0000000,0x00000000d1a91088,0x00000000d2980000)
 Metaspace       used 74122K, committed 75328K, reserved 1179648K
  class space    used 8957K, committed 9472K, reserved 1048576K
}
Event: 12.678 GC heap after
{Heap after GC invocations=267 (full 13):
 PSYoungGen      total 32256K, used 4416K [0x00000000eab00000, 0x00000000ed180000, 0x0000000100000000)
  eden space 27648K, 0% used [0x00000000eab00000,0x00000000eab00000,0x00000000ec600000)
  from space 4608K, 95% used [0x00000000ecd00000,0x00000000ed150000,0x00000000ed180000)
  to   space 5632K, 0% used [0x00000000ec680000,0x00000000ec680000,0x00000000ecc00000)
 ParOldGen       total 304640K, used 293936K [0x00000000c0000000, 0x00000000d2980000, 0x00000000eab00000)
  object space 304640K, 96% used [0x00000000c0000000,0x00000000d1f0c290,0x00000000d2980000)
 Metaspace       used 74122K, committed 75328K, reserved 1179648K
  class space    used 8957K, committed 9472K, reserved 1048576K
}
Event: 12.742 GC heap before
{Heap before GC invocations=268 (full 13):
 PSYoungGen      total 32256K, used 32064K [0x00000000eab00000, 0x00000000ed180000, 0x0000000100000000)
  eden space 27648K, 100% used [0x00000000eab00000,0x00000000ec600000,0x00000000ec600000)
  from space 4608K, 95% used [0x00000000ecd00000,0x00000000ed150000,0x00000000ed180000)
  to   space 5632K, 0% used [0x00000000ec680000,0x00000000ec680000,0x00000000ecc00000)
 ParOldGen       total 304640K, used 293936K [0x00000000c0000000, 0x00000000d2980000, 0x00000000eab00000)
  object space 304640K, 96% used [0x00000000c0000000,0x00000000d1f0c290,0x00000000d2980000)
 Metaspace       used 74122K, committed 75328K, reserved 1179648K
  class space    used 8957K, committed 9472K, reserved 1048576K
}
Event: 12.747 GC heap after
{Heap after GC invocations=268 (full 13):
 PSYoungGen      total 33792K, used 5632K [0x00000000eab00000, 0x00000000eda80000, 0x0000000100000000)
  eden space 28160K, 0% used [0x00000000eab00000,0x00000000eab00000,0x00000000ec680000)
  from space 5632K, 100% used [0x00000000ec680000,0x00000000ecc00000,0x00000000ecc00000)
  to   space 9216K, 0% used [0x00000000ed180000,0x00000000ed180000,0x00000000eda80000)
 ParOldGen       total 304640K, used 296624K [0x00000000c0000000, 0x00000000d2980000, 0x00000000eab00000)
  object space 304640K, 97% used [0x00000000c0000000,0x00000000d21ac290,0x00000000d2980000)
 Metaspace       used 74122K, committed 75328K, reserved 1179648K
  class space    used 8957K, committed 9472K, reserved 1048576K
}
Event: 12.814 GC heap before
{Heap before GC invocations=269 (full 13):
 PSYoungGen      total 33792K, used 33792K [0x00000000eab00000, 0x00000000eda80000, 0x0000000100000000)
  eden space 28160K, 100% used [0x00000000eab00000,0x00000000ec680000,0x00000000ec680000)
  from space 5632K, 100% used [0x00000000ec680000,0x00000000ecc00000,0x00000000ecc00000)
  to   space 9216K, 0% used [0x00000000ed180000,0x00000000ed180000,0x00000000eda80000)
 ParOldGen       total 304640K, used 296624K [0x00000000c0000000, 0x00000000d2980000, 0x00000000eab00000)
  object space 304640K, 97% used [0x00000000c0000000,0x00000000d21ac290,0x00000000d2980000)
 Metaspace       used 74122K, committed 75328K, reserved 1179648K
  class space    used 8957K, committed 9472K, reserved 1048576K
}
Event: 12.820 GC heap after
{Heap after GC invocations=269 (full 13):
 PSYoungGen      total 35328K, used 4576K [0x00000000eab00000, 0x00000000ed600000, 0x0000000100000000)
  eden space 30720K, 0% used [0x00000000eab00000,0x00000000eab00000,0x00000000ec900000)
  from space 4608K, 99% used [0x00000000ed180000,0x00000000ed5f8000,0x00000000ed600000)
  to   space 6144K, 0% used [0x00000000eca00000,0x00000000eca00000,0x00000000ed000000)
 ParOldGen       total 304640K, used 301768K [0x00000000c0000000, 0x00000000d2980000, 0x00000000eab00000)
  object space 304640K, 99% used [0x00000000c0000000,0x00000000d26b2290,0x00000000d2980000)
 Metaspace       used 74122K, committed 75328K, reserved 1179648K
  class space    used 8957K, committed 9472K, reserved 1048576K
}
Event: 12.820 GC heap before
{Heap before GC invocations=270 (full 14):
 PSYoungGen      total 35328K, used 4576K [0x00000000eab00000, 0x00000000ed600000, 0x0000000100000000)
  eden space 30720K, 0% used [0x00000000eab00000,0x00000000eab00000,0x00000000ec900000)
  from space 4608K, 99% used [0x00000000ed180000,0x00000000ed5f8000,0x00000000ed600000)
  to   space 6144K, 0% used [0x00000000eca00000,0x00000000eca00000,0x00000000ed000000)
 ParOldGen       total 304640K, used 301768K [0x00000000c0000000, 0x00000000d2980000, 0x00000000eab00000)
  object space 304640K, 99% used [0x00000000c0000000,0x00000000d26b2290,0x00000000d2980000)
 Metaspace       used 74122K, committed 75328K, reserved 1179648K
  class space    used 8957K, committed 9472K, reserved 1048576K
}

