# JRE version: OpenJDK Runtime Environment Temurin-17.0.11+9 (17.0.11+9) (build 17.0.11+9)
# Java VM: OpenJDK 64-Bit Server VM Temurin-17.0.11+9 (17.0.11+9, mixed mode, tiered, compressed oops, compressed class ptrs, parallel gc, windows-amd64)
GC Precious Log:
 CPUs: 6 total, 6 available
 Memory: 16328M
 Large Page Support: Disabled
 NUMA Support: Disabled
 Compressed Oops: Enabled (32-bit)
 Alignments: Space 512K, Generation 512K, Heap 2M
 Heap Min Capacity: 100M
 Heap Initial Capacity: 100M
 Heap Max Capacity: 1G
 Pre-touch: Disabled
 Parallel Workers: 6
Heap:
 PSYoungGen      total 9216K, used 1688K [0x00000000eab00000, 0x00000000eb600000, 0x0000000100000000)
  eden space 7168K, 0% used [0x00000000eab00000,0x00000000eab00000,0x00000000eb200000)
  from space 2048K, 82% used [0x00000000eb280000,0x00000000eb426148,0x00000000eb480000)
  to   space 1536K, 0% used [0x00000000eb480000,0x00000000eb480000,0x00000000eb600000)
 ParOldGen       total 134144K, used 132486K [0x00000000c0000000, 0x00000000c8300000, 0x00000000eab00000)
  object space 134144K, 98% used [0x00000000c0000000,0x00000000c8161ab0,0x00000000c8300000)
 Metaspace       used 67839K, committed 68992K, reserved 1114112K
  class space    used 8216K, committed 8704K, reserved 1048576K
GC Heap History (20 events):
Event: 9.356 GC heap after
{Heap after GC invocations=127 (full 6):
 PSYoungGen      total 7680K, used 1150K [0x00000000eab00000, 0x00000000eb400000, 0x0000000100000000)
  eden space 6144K, 0% used [0x00000000eab00000,0x00000000eab00000,0x00000000eb100000)
  from space 1536K, 74% used [0x00000000eb280000,0x00000000eb39fbf8,0x00000000eb400000)
  to   space 1536K, 0% used [0x00000000eb100000,0x00000000eb100000,0x00000000eb280000)
 ParOldGen       total 134144K, used 119846K [0x00000000c0000000, 0x00000000c8300000, 0x00000000eab00000)
  object space 134144K, 89% used [0x00000000c0000000,0x00000000c75098a0,0x00000000c8300000)
 Metaspace       used 66773K, committed 67904K, reserved 1114112K
  class space    used 8082K, committed 8576K, reserved 1048576K
}
Event: 9.393 GC heap before
{Heap before GC invocations=128 (full 6):
 PSYoungGen      total 7680K, used 7294K [0x00000000eab00000, 0x00000000eb400000, 0x0000000100000000)
  eden space 6144K, 100% used [0x00000000eab00000,0x00000000eb100000,0x00000000eb100000)
  from space 1536K, 74% used [0x00000000eb280000,0x00000000eb39fbf8,0x00000000eb400000)
  to   space 1536K, 0% used [0x00000000eb100000,0x00000000eb100000,0x00000000eb280000)
 ParOldGen       total 134144K, used 119846K [0x00000000c0000000, 0x00000000c8300000, 0x00000000eab00000)
  object space 134144K, 89% used [0x00000000c0000000,0x00000000c75098a0,0x00000000c8300000)
 Metaspace       used 66979K, committed 68160K, reserved 1114112K
  class space    used 8107K, committed 8640K, reserved 1048576K
}
Event: 9.395 GC heap after
{Heap after GC invocations=128 (full 6):
 PSYoungGen      total 7680K, used 1238K [0x00000000eab00000, 0x00000000eb500000, 0x0000000100000000)
  eden space 6144K, 0% used [0x00000000eab00000,0x00000000eab00000,0x00000000eb100000)
  from space 1536K, 80% used [0x00000000eb100000,0x00000000eb235978,0x00000000eb280000)
  to   space 1536K, 0% used [0x00000000eb380000,0x00000000eb380000,0x00000000eb500000)
 ParOldGen       total 134144K, used 120938K [0x00000000c0000000, 0x00000000c8300000, 0x00000000eab00000)
  object space 134144K, 90% used [0x00000000c0000000,0x00000000c761a928,0x00000000c8300000)
 Metaspace       used 66979K, committed 68160K, reserved 1114112K
  class space    used 8107K, committed 8640K, reserved 1048576K
}
Event: 9.412 GC heap before
{Heap before GC invocations=129 (full 6):
 PSYoungGen      total 7680K, used 7382K [0x00000000eab00000, 0x00000000eb500000, 0x0000000100000000)
  eden space 6144K, 100% used [0x00000000eab00000,0x00000000eb100000,0x00000000eb100000)
  from space 1536K, 80% used [0x00000000eb100000,0x00000000eb235978,0x00000000eb280000)
  to   space 1536K, 0% used [0x00000000eb380000,0x00000000eb380000,0x00000000eb500000)
 ParOldGen       total 134144K, used 120938K [0x00000000c0000000, 0x00000000c8300000, 0x00000000eab00000)
  object space 134144K, 90% used [0x00000000c0000000,0x00000000c761a928,0x00000000c8300000)
 Metaspace       used 67179K, committed 68288K, reserved 1114112K
  class space    used 8137K, committed 8640K, reserved 1048576K
}
Event: 9.414 GC heap after
{Heap after GC invocations=129 (full 6):
 PSYoungGen      total 8704K, used 1361K [0x00000000eab00000, 0x00000000eb500000, 0x0000000100000000)
  eden space 7168K, 0% used [0x00000000eab00000,0x00000000eab00000,0x00000000eb200000)
  from space 1536K, 88% used [0x00000000eb380000,0x00000000eb4d4518,0x00000000eb500000)
  to   space 1536K, 0% used [0x00000000eb200000,0x00000000eb200000,0x00000000eb380000)
 ParOldGen       total 134144K, used 122050K [0x00000000c0000000, 0x00000000c8300000, 0x00000000eab00000)
  object space 134144K, 90% used [0x00000000c0000000,0x00000000c7730960,0x00000000c8300000)
 Metaspace       used 67179K, committed 68288K, reserved 1114112K
  class space    used 8137K, committed 8640K, reserved 1048576K
}
Event: 9.431 GC heap before
{Heap before GC invocations=130 (full 6):
 PSYoungGen      total 8704K, used 8529K [0x00000000eab00000, 0x00000000eb500000, 0x0000000100000000)
  eden space 7168K, 100% used [0x00000000eab00000,0x00000000eb200000,0x00000000eb200000)
  from space 1536K, 88% used [0x00000000eb380000,0x00000000eb4d4518,0x00000000eb500000)
  to   space 1536K, 0% used [0x00000000eb200000,0x00000000eb200000,0x00000000eb380000)
 ParOldGen       total 134144K, used 122050K [0x00000000c0000000, 0x00000000c8300000, 0x00000000eab00000)
  object space 134144K, 90% used [0x00000000c0000000,0x00000000c7730960,0x00000000c8300000)
 Metaspace       used 67306K, committed 68416K, reserved 1114112K
  class space    used 8160K, committed 8640K, reserved 1048576K
}
Event: 9.433 GC heap after
{Heap after GC invocations=130 (full 6):
 PSYoungGen      total 8704K, used 1531K [0x00000000eab00000, 0x00000000eba00000, 0x0000000100000000)
  eden space 7168K, 0% used [0x00000000eab00000,0x00000000eab00000,0x00000000eb200000)
  from space 1536K, 99% used [0x00000000eb200000,0x00000000eb37ede8,0x00000000eb380000)
  to   space 3584K, 0% used [0x00000000eb680000,0x00000000eb680000,0x00000000eba00000)
 ParOldGen       total 134144K, used 123438K [0x00000000c0000000, 0x00000000c8300000, 0x00000000eab00000)
  object space 134144K, 92% used [0x00000000c0000000,0x00000000c788b810,0x00000000c8300000)
 Metaspace       used 67306K, committed 68416K, reserved 1114112K
  class space    used 8160K, committed 8640K, reserved 1048576K
}
Event: 9.473 GC heap before
{Heap before GC invocations=131 (full 6):
 PSYoungGen      total 8704K, used 8699K [0x00000000eab00000, 0x00000000eba00000, 0x0000000100000000)
  eden space 7168K, 100% used [0x00000000eab00000,0x00000000eb200000,0x00000000eb200000)
  from space 1536K, 99% used [0x00000000eb200000,0x00000000eb37ede8,0x00000000eb380000)
  to   space 3584K, 0% used [0x00000000eb680000,0x00000000eb680000,0x00000000eba00000)
 ParOldGen       total 134144K, used 123438K [0x00000000c0000000, 0x00000000c8300000, 0x00000000eab00000)
  object space 134144K, 92% used [0x00000000c0000000,0x00000000c788b810,0x00000000c8300000)
 Metaspace       used 67546K, committed 68736K, reserved 1114112K
  class space    used 8188K, committed 8704K, reserved 1048576K
}
Event: 9.475 GC heap after
{Heap after GC invocations=131 (full 6):
 PSYoungGen      total 9216K, used 1619K [0x00000000eab00000, 0x00000000eb880000, 0x0000000100000000)
  eden space 7168K, 0% used [0x00000000eab00000,0x00000000eab00000,0x00000000eb200000)
  from space 2048K, 79% used [0x00000000eb680000,0x00000000eb814d68,0x00000000eb880000)
  to   space 2560K, 0% used [0x00000000eb380000,0x00000000eb380000,0x00000000eb600000)
 ParOldGen       total 134144K, used 124913K [0x00000000c0000000, 0x00000000c8300000, 0x00000000eab00000)
  object space 134144K, 93% used [0x00000000c0000000,0x00000000c79fc470,0x00000000c8300000)
 Metaspace       used 67546K, committed 68736K, reserved 1114112K
  class space    used 8188K, committed 8704K, reserved 1048576K
}
Event: 9.497 GC heap before
{Heap before GC invocations=132 (full 6):
 PSYoungGen      total 9216K, used 8787K [0x00000000eab00000, 0x00000000eb880000, 0x0000000100000000)
  eden space 7168K, 100% used [0x00000000eab00000,0x00000000eb200000,0x00000000eb200000)
  from space 2048K, 79% used [0x00000000eb680000,0x00000000eb814d68,0x00000000eb880000)
  to   space 2560K, 0% used [0x00000000eb380000,0x00000000eb380000,0x00000000eb600000)
 ParOldGen       total 134144K, used 124913K [0x00000000c0000000, 0x00000000c8300000, 0x00000000eab00000)
  object space 134144K, 93% used [0x00000000c0000000,0x00000000c79fc470,0x00000000c8300000)
 Metaspace       used 67613K, committed 68736K, reserved 1114112K
  class space    used 8200K, committed 8704K, reserved 1048576K
}
Event: 9.500 GC heap after
{Heap after GC invocations=132 (full 6):
 PSYoungGen      total 9216K, used 1698K [0x00000000eab00000, 0x00000000eb700000, 0x0000000100000000)
  eden space 7168K, 0% used [0x00000000eab00000,0x00000000eab00000,0x00000000eb200000)
  from space 2048K, 82% used [0x00000000eb380000,0x00000000eb528a20,0x00000000eb580000)
  to   space 1536K, 0% used [0x00000000eb580000,0x00000000eb580000,0x00000000eb700000)
 ParOldGen       total 134144K, used 126363K [0x00000000c0000000, 0x00000000c8300000, 0x00000000eab00000)
  object space 134144K, 94% used [0x00000000c0000000,0x00000000c7b66c60,0x00000000c8300000)
 Metaspace       used 67613K, committed 68736K, reserved 1114112K
  class space    used 8200K, committed 8704K, reserved 1048576K
}
Event: 9.799 GC heap before
{Heap before GC invocations=133 (full 6):
 PSYoungGen      total 9216K, used 8866K [0x00000000eab00000, 0x00000000eb700000, 0x0000000100000000)
  eden space 7168K, 100% used [0x00000000eab00000,0x00000000eb200000,0x00000000eb200000)
  from space 2048K, 82% used [0x00000000eb380000,0x00000000eb528a20,0x00000000eb580000)
  to   space 1536K, 0% used [0x00000000eb580000,0x00000000eb580000,0x00000000eb700000)
 ParOldGen       total 134144K, used 126363K [0x00000000c0000000, 0x00000000c8300000, 0x00000000eab00000)
  object space 134144K, 94% used [0x00000000c0000000,0x00000000c7b66c60,0x00000000c8300000)
 Metaspace       used 67783K, committed 68864K, reserved 1114112K
  class space    used 8209K, committed 8704K, reserved 1048576K
}
Event: 9.803 GC heap after
{Heap after GC invocations=133 (full 6):
 PSYoungGen      total 8704K, used 1409K [0x00000000eab00000, 0x00000000eb700000, 0x0000000100000000)
  eden space 7168K, 0% used [0x00000000eab00000,0x00000000eab00000,0x00000000eb200000)
  from space 1536K, 91% used [0x00000000eb580000,0x00000000eb6e0688,0x00000000eb700000)
  to   space 1536K, 0% used [0x00000000eb400000,0x00000000eb400000,0x00000000eb580000)
 ParOldGen       total 134144K, used 127945K [0x00000000c0000000, 0x00000000c8300000, 0x00000000eab00000)
  object space 134144K, 95% used [0x00000000c0000000,0x00000000c7cf27b8,0x00000000c8300000)
 Metaspace       used 67783K, committed 68864K, reserved 1114112K
  class space    used 8209K, committed 8704K, reserved 1048576K
}
Event: 9.826 GC heap before
{Heap before GC invocations=134 (full 6):
 PSYoungGen      total 8704K, used 8577K [0x00000000eab00000, 0x00000000eb700000, 0x0000000100000000)
  eden space 7168K, 100% used [0x00000000eab00000,0x00000000eb200000,0x00000000eb200000)
  from space 1536K, 91% used [0x00000000eb580000,0x00000000eb6e0688,0x00000000eb700000)
  to   space 1536K, 0% used [0x00000000eb400000,0x00000000eb400000,0x00000000eb580000)
 ParOldGen       total 134144K, used 127945K [0x00000000c0000000, 0x00000000c8300000, 0x00000000eab00000)
  object space 134144K, 95% used [0x00000000c0000000,0x00000000c7cf27b8,0x00000000c8300000)
 Metaspace       used 67836K, committed 68992K, reserved 1114112K
  class space    used 8216K, committed 8704K, reserved 1048576K
}
Event: 9.829 GC heap after
{Heap after GC invocations=134 (full 6):
 PSYoungGen      total 8704K, used 1519K [0x00000000eab00000, 0x00000000eb900000, 0x0000000100000000)
  eden space 7168K, 0% used [0x00000000eab00000,0x00000000eab00000,0x00000000eb200000)
  from space 1536K, 98% used [0x00000000eb400000,0x00000000eb57bc88,0x00000000eb580000)
  to   space 3584K, 0% used [0x00000000eb580000,0x00000000eb580000,0x00000000eb900000)
 ParOldGen       total 134144K, used 129346K [0x00000000c0000000, 0x00000000c8300000, 0x00000000eab00000)
  object space 134144K, 96% used [0x00000000c0000000,0x00000000c7e50950,0x00000000c8300000)
 Metaspace       used 67836K, committed 68992K, reserved 1114112K
  class space    used 8216K, committed 8704K, reserved 1048576K
}
Event: 9.852 GC heap before
{Heap before GC invocations=135 (full 6):
 PSYoungGen      total 8704K, used 8687K [0x00000000eab00000, 0x00000000eb900000, 0x0000000100000000)
  eden space 7168K, 100% used [0x00000000eab00000,0x00000000eb200000,0x00000000eb200000)
  from space 1536K, 98% used [0x00000000eb400000,0x00000000eb57bc88,0x00000000eb580000)
  to   space 3584K, 0% used [0x00000000eb580000,0x00000000eb580000,0x00000000eb900000)
 ParOldGen       total 134144K, used 129346K [0x00000000c0000000, 0x00000000c8300000, 0x00000000eab00000)
  object space 134144K, 96% used [0x00000000c0000000,0x00000000c7e50950,0x00000000c8300000)
 Metaspace       used 67839K, committed 68992K, reserved 1114112K
  class space    used 8216K, committed 8704K, reserved 1048576K
}
Event: 9.856 GC heap after
{Heap after GC invocations=135 (full 6):
 PSYoungGen      total 9216K, used 1822K [0x00000000eab00000, 0x00000000eb780000, 0x0000000100000000)
  eden space 7168K, 0% used [0x00000000eab00000,0x00000000eab00000,0x00000000eb200000)
  from space 2048K, 88% used [0x00000000eb580000,0x00000000eb747ad8,0x00000000eb780000)
  to   space 2560K, 0% used [0x00000000eb280000,0x00000000eb280000,0x00000000eb500000)
 ParOldGen       total 134144K, used 130803K [0x00000000c0000000, 0x00000000c8300000, 0x00000000eab00000)
  object space 134144K, 97% used [0x00000000c0000000,0x00000000c7fbcc18,0x00000000c8300000)
 Metaspace       used 67839K, committed 68992K, reserved 1114112K
  class space    used 8216K, committed 8704K, reserved 1048576K
}
Event: 9.898 GC heap before
{Heap before GC invocations=136 (full 6):
 PSYoungGen      total 9216K, used 8990K [0x00000000eab00000, 0x00000000eb780000, 0x0000000100000000)
  eden space 7168K, 100% used [0x00000000eab00000,0x00000000eb200000,0x00000000eb200000)
  from space 2048K, 88% used [0x00000000eb580000,0x00000000eb747ad8,0x00000000eb780000)
  to   space 2560K, 0% used [0x00000000eb280000,0x00000000eb280000,0x00000000eb500000)
 ParOldGen       total 134144K, used 130803K [0x00000000c0000000, 0x00000000c8300000, 0x00000000eab00000)
  object space 134144K, 97% used [0x00000000c0000000,0x00000000c7fbcc18,0x00000000c8300000)
 Metaspace       used 67839K, committed 68992K, reserved 1114112K
  class space    used 8216K, committed 8704K, reserved 1048576K
}
Event: 9.901 GC heap after
{Heap after GC invocations=136 (full 6):
 PSYoungGen      total 9216K, used 1688K [0x00000000eab00000, 0x00000000eb600000, 0x0000000100000000)
  eden space 7168K, 0% used [0x00000000eab00000,0x00000000eab00000,0x00000000eb200000)
  from space 2048K, 82% used [0x00000000eb280000,0x00000000eb426148,0x00000000eb480000)
  to   space 1536K, 0% used [0x00000000eb480000,0x00000000eb480000,0x00000000eb600000)
 ParOldGen       total 134144K, used 132486K [0x00000000c0000000, 0x00000000c8300000, 0x00000000eab00000)
  object space 134144K, 98% used [0x00000000c0000000,0x00000000c8161ab0,0x00000000c8300000)
 Metaspace       used 67839K, committed 68992K, reserved 1114112K
  class space    used 8216K, committed 8704K, reserved 1048576K
}
Event: 9.901 GC heap before
{Heap before GC invocations=137 (full 7):
 PSYoungGen      total 9216K, used 1688K [0x00000000eab00000, 0x00000000eb600000, 0x0000000100000000)
  eden space 7168K, 0% used [0x00000000eab00000,0x00000000eab00000,0x00000000eb200000)
  from space 2048K, 82% used [0x00000000eb280000,0x00000000eb426148,0x00000000eb480000)
  to   space 1536K, 0% used [0x00000000eb480000,0x00000000eb480000,0x00000000eb600000)
 ParOldGen       total 134144K, used 132486K [0x00000000c0000000, 0x00000000c8300000, 0x00000000eab00000)
  object space 134144K, 98% used [0x00000000c0000000,0x00000000c8161ab0,0x00000000c8300000)
 Metaspace       used 67839K, committed 68992K, reserved 1114112K
  class space    used 8216K, committed 8704K, reserved 1048576K
}

